2021-02-07 02:55:05  [testcases.TestGetVideoGame]-[INFO] ==== API:get all video games: /videogames ====
2021-02-07 02:55:07  [testcases.TestGetVideoGame]-[INFO] ==== API:get video game by id: /videogames/2 ====
2021-02-07 02:55:08  [testcases.TestGetVideoGame]-[INFO] ==== API:get video game by id: /videogames/10000 ====
2021-02-07 02:56:18  [testcases.TestGetVideoGame]-[INFO] ==== API:get all video games: /videogames ====
2021-02-07 02:56:19  [org.apache.http.impl.conn.BasicClientConnectionManager]-[DEBUG] Get connection for route {}->http://localhost:8080
2021-02-07 02:56:19  [org.apache.http.impl.conn.DefaultClientConnectionOperator]-[DEBUG] Connecting to localhost:8080
2021-02-07 02:56:19  [org.apache.http.client.protocol.RequestAddCookies]-[DEBUG] CookieSpec selected: ignoreCookies
2021-02-07 02:56:19  [org.apache.http.client.protocol.RequestAuthCache]-[DEBUG] Auth cache not set in the context
2021-02-07 02:56:19  [org.apache.http.client.protocol.RequestTargetAuthentication]-[DEBUG] Target auth state: UNCHALLENGED
2021-02-07 02:56:19  [org.apache.http.client.protocol.RequestProxyAuthentication]-[DEBUG] Proxy auth state: UNCHALLENGED
2021-02-07 02:56:19  [org.apache.http.impl.client.DefaultHttpClient]-[DEBUG] Attempt 1 to execute request
2021-02-07 02:56:19  [org.apache.http.impl.conn.DefaultClientConnection]-[DEBUG] Sending request: GET /app/videogames HTTP/1.1
2021-02-07 02:56:19  [org.apache.http.wire]-[DEBUG]  >> "GET /app/videogames HTTP/1.1[\r][\n]"
2021-02-07 02:56:19  [org.apache.http.wire]-[DEBUG]  >> "Content-Type: application/json; charset=UTF-8[\r][\n]"
2021-02-07 02:56:19  [org.apache.http.wire]-[DEBUG]  >> "Accept: */*[\r][\n]"
2021-02-07 02:56:19  [org.apache.http.wire]-[DEBUG]  >> "Host: localhost:8080[\r][\n]"
2021-02-07 02:56:19  [org.apache.http.wire]-[DEBUG]  >> "Connection: Keep-Alive[\r][\n]"
2021-02-07 02:56:19  [org.apache.http.wire]-[DEBUG]  >> "User-Agent: Apache-HttpClient/4.5.3 (Java/1.8.0_131)[\r][\n]"
2021-02-07 02:56:19  [org.apache.http.wire]-[DEBUG]  >> "Accept-Encoding: gzip,deflate[\r][\n]"
2021-02-07 02:56:19  [org.apache.http.wire]-[DEBUG]  >> "[\r][\n]"
2021-02-07 02:56:19  [org.apache.http.headers]-[DEBUG] >> GET /app/videogames HTTP/1.1
2021-02-07 02:56:19  [org.apache.http.headers]-[DEBUG] >> Content-Type: application/json; charset=UTF-8
2021-02-07 02:56:19  [org.apache.http.headers]-[DEBUG] >> Accept: */*
2021-02-07 02:56:19  [org.apache.http.headers]-[DEBUG] >> Host: localhost:8080
2021-02-07 02:56:19  [org.apache.http.headers]-[DEBUG] >> Connection: Keep-Alive
2021-02-07 02:56:19  [org.apache.http.headers]-[DEBUG] >> User-Agent: Apache-HttpClient/4.5.3 (Java/1.8.0_131)
2021-02-07 02:56:19  [org.apache.http.headers]-[DEBUG] >> Accept-Encoding: gzip,deflate
2021-02-07 02:56:19  [org.apache.http.wire]-[DEBUG]  << "HTTP/1.1 200 [\r][\n]"
2021-02-07 02:56:19  [org.apache.http.wire]-[DEBUG]  << "Content-Type: application/xml[\r][\n]"
2021-02-07 02:56:19  [org.apache.http.wire]-[DEBUG]  << "Content-Length: 1862[\r][\n]"
2021-02-07 02:56:19  [org.apache.http.wire]-[DEBUG]  << "Date: Sat, 06 Feb 2021 13:56:19 GMT[\r][\n]"
2021-02-07 02:56:19  [org.apache.http.wire]-[DEBUG]  << "[\r][\n]"
2021-02-07 02:56:19  [org.apache.http.impl.conn.DefaultClientConnection]-[DEBUG] Receiving response: HTTP/1.1 200 
2021-02-07 02:56:19  [org.apache.http.headers]-[DEBUG] << HTTP/1.1 200 
2021-02-07 02:56:19  [org.apache.http.headers]-[DEBUG] << Content-Type: application/xml
2021-02-07 02:56:19  [org.apache.http.headers]-[DEBUG] << Content-Length: 1862
2021-02-07 02:56:19  [org.apache.http.headers]-[DEBUG] << Date: Sat, 06 Feb 2021 13:56:19 GMT
2021-02-07 02:56:19  [org.apache.http.impl.client.DefaultHttpClient]-[DEBUG] Connection can be kept alive indefinitely
2021-02-07 02:56:19  [io.restassured.internal.RequestSpecificationImpl$RestAssuredHttpBuilder]-[DEBUG] Parsing response as: application/xml
2021-02-07 02:56:19  [io.restassured.internal.RequestSpecificationImpl$RestAssuredHttpBuilder]-[DEBUG] Parsed data to instance of: class org.apache.http.conn.EofSensorInputStream
2021-02-07 02:56:19  [org.apache.http.impl.conn.DefaultClientConnection]-[DEBUG] Connection 0.0.0.0:56166<->127.0.0.1:8080 closed
2021-02-07 02:56:19  [testcases.TestGetVideoGame]-[INFO] ==== API:get video game by id: /videogames/2 ====
2021-02-07 02:56:19  [org.apache.http.impl.conn.BasicClientConnectionManager]-[DEBUG] Get connection for route {}->http://localhost:8080
2021-02-07 02:56:19  [org.apache.http.impl.conn.DefaultClientConnectionOperator]-[DEBUG] Connecting to localhost:8080
2021-02-07 02:56:19  [org.apache.http.client.protocol.RequestAddCookies]-[DEBUG] CookieSpec selected: ignoreCookies
2021-02-07 02:56:19  [org.apache.http.client.protocol.RequestAuthCache]-[DEBUG] Auth cache not set in the context
2021-02-07 02:56:19  [org.apache.http.client.protocol.RequestTargetAuthentication]-[DEBUG] Target auth state: UNCHALLENGED
2021-02-07 02:56:19  [org.apache.http.client.protocol.RequestProxyAuthentication]-[DEBUG] Proxy auth state: UNCHALLENGED
2021-02-07 02:56:19  [org.apache.http.impl.client.DefaultHttpClient]-[DEBUG] Attempt 1 to execute request
2021-02-07 02:56:19  [org.apache.http.impl.conn.DefaultClientConnection]-[DEBUG] Sending request: GET /app/videogames/2 HTTP/1.1
2021-02-07 02:56:19  [org.apache.http.wire]-[DEBUG]  >> "GET /app/videogames/2 HTTP/1.1[\r][\n]"
2021-02-07 02:56:19  [org.apache.http.wire]-[DEBUG]  >> "Content-Type: application/json; charset=UTF-8[\r][\n]"
2021-02-07 02:56:19  [org.apache.http.wire]-[DEBUG]  >> "Accept: */*[\r][\n]"
2021-02-07 02:56:19  [org.apache.http.wire]-[DEBUG]  >> "Host: localhost:8080[\r][\n]"
2021-02-07 02:56:19  [org.apache.http.wire]-[DEBUG]  >> "Connection: Keep-Alive[\r][\n]"
2021-02-07 02:56:19  [org.apache.http.wire]-[DEBUG]  >> "User-Agent: Apache-HttpClient/4.5.3 (Java/1.8.0_131)[\r][\n]"
2021-02-07 02:56:19  [org.apache.http.wire]-[DEBUG]  >> "Accept-Encoding: gzip,deflate[\r][\n]"
2021-02-07 02:56:19  [org.apache.http.wire]-[DEBUG]  >> "[\r][\n]"
2021-02-07 02:56:19  [org.apache.http.headers]-[DEBUG] >> GET /app/videogames/2 HTTP/1.1
2021-02-07 02:56:19  [org.apache.http.headers]-[DEBUG] >> Content-Type: application/json; charset=UTF-8
2021-02-07 02:56:19  [org.apache.http.headers]-[DEBUG] >> Accept: */*
2021-02-07 02:56:19  [org.apache.http.headers]-[DEBUG] >> Host: localhost:8080
2021-02-07 02:56:19  [org.apache.http.headers]-[DEBUG] >> Connection: Keep-Alive
2021-02-07 02:56:19  [org.apache.http.headers]-[DEBUG] >> User-Agent: Apache-HttpClient/4.5.3 (Java/1.8.0_131)
2021-02-07 02:56:19  [org.apache.http.headers]-[DEBUG] >> Accept-Encoding: gzip,deflate
2021-02-07 02:56:19  [org.apache.http.wire]-[DEBUG]  << "HTTP/1.1 200 [\r][\n]"
2021-02-07 02:56:19  [org.apache.http.wire]-[DEBUG]  << "Content-Type: application/xml[\r][\n]"
2021-02-07 02:56:19  [org.apache.http.wire]-[DEBUG]  << "Content-Length: 234[\r][\n]"
2021-02-07 02:56:19  [org.apache.http.wire]-[DEBUG]  << "Date: Sat, 06 Feb 2021 13:56:19 GMT[\r][\n]"
2021-02-07 02:56:19  [org.apache.http.wire]-[DEBUG]  << "[\r][\n]"
2021-02-07 02:56:19  [org.apache.http.impl.conn.DefaultClientConnection]-[DEBUG] Receiving response: HTTP/1.1 200 
2021-02-07 02:56:19  [org.apache.http.headers]-[DEBUG] << HTTP/1.1 200 
2021-02-07 02:56:19  [org.apache.http.headers]-[DEBUG] << Content-Type: application/xml
2021-02-07 02:56:19  [org.apache.http.headers]-[DEBUG] << Content-Length: 234
2021-02-07 02:56:19  [org.apache.http.headers]-[DEBUG] << Date: Sat, 06 Feb 2021 13:56:19 GMT
2021-02-07 02:56:19  [org.apache.http.impl.client.DefaultHttpClient]-[DEBUG] Connection can be kept alive indefinitely
2021-02-07 02:56:19  [io.restassured.internal.RequestSpecificationImpl$RestAssuredHttpBuilder]-[DEBUG] Parsing response as: application/xml
2021-02-07 02:56:19  [io.restassured.internal.RequestSpecificationImpl$RestAssuredHttpBuilder]-[DEBUG] Parsed data to instance of: class org.apache.http.conn.EofSensorInputStream
2021-02-07 02:56:19  [org.apache.http.wire]-[DEBUG]  << "<?xml version="1.0" encoding="UTF-8" standalone="yes"?><videoGame category="Driving" rating="Universal"><id>2</id><name>Gran Turismo 3</name><releaseDate>2001-03-10T00:00:00+13:00</releaseDate><reviewScore>91</reviewScore></videoGame>"
2021-02-07 02:56:19  [org.apache.http.impl.conn.BasicClientConnectionManager]-[DEBUG] Releasing connection org.apache.http.impl.conn.ManagedClientConnectionImpl@45e140ae
2021-02-07 02:56:19  [org.apache.http.impl.conn.BasicClientConnectionManager]-[DEBUG] Connection can be kept alive indefinitely
2021-02-07 02:56:20  [testcases.TestGetVideoGame]-[INFO] ==== API:get video game by id: /videogames/10000 ====
2021-02-07 02:56:20  [org.apache.http.impl.conn.BasicClientConnectionManager]-[DEBUG] Get connection for route {}->http://localhost:8080
2021-02-07 02:56:20  [org.apache.http.impl.conn.DefaultClientConnectionOperator]-[DEBUG] Connecting to localhost:8080
2021-02-07 02:56:20  [org.apache.http.client.protocol.RequestAddCookies]-[DEBUG] CookieSpec selected: ignoreCookies
2021-02-07 02:56:20  [org.apache.http.client.protocol.RequestAuthCache]-[DEBUG] Auth cache not set in the context
2021-02-07 02:56:20  [org.apache.http.client.protocol.RequestTargetAuthentication]-[DEBUG] Target auth state: UNCHALLENGED
2021-02-07 02:56:20  [org.apache.http.client.protocol.RequestProxyAuthentication]-[DEBUG] Proxy auth state: UNCHALLENGED
2021-02-07 02:56:20  [org.apache.http.impl.client.DefaultHttpClient]-[DEBUG] Attempt 1 to execute request
2021-02-07 02:56:20  [org.apache.http.impl.conn.DefaultClientConnection]-[DEBUG] Sending request: GET /app/videogames/10000 HTTP/1.1
2021-02-07 02:56:20  [org.apache.http.wire]-[DEBUG]  >> "GET /app/videogames/10000 HTTP/1.1[\r][\n]"
2021-02-07 02:56:20  [org.apache.http.wire]-[DEBUG]  >> "Content-Type: application/json; charset=UTF-8[\r][\n]"
2021-02-07 02:56:20  [org.apache.http.wire]-[DEBUG]  >> "Accept: */*[\r][\n]"
2021-02-07 02:56:20  [org.apache.http.wire]-[DEBUG]  >> "Host: localhost:8080[\r][\n]"
2021-02-07 02:56:20  [org.apache.http.wire]-[DEBUG]  >> "Connection: Keep-Alive[\r][\n]"
2021-02-07 02:56:20  [org.apache.http.wire]-[DEBUG]  >> "User-Agent: Apache-HttpClient/4.5.3 (Java/1.8.0_131)[\r][\n]"
2021-02-07 02:56:20  [org.apache.http.wire]-[DEBUG]  >> "Accept-Encoding: gzip,deflate[\r][\n]"
2021-02-07 02:56:20  [org.apache.http.wire]-[DEBUG]  >> "[\r][\n]"
2021-02-07 02:56:20  [org.apache.http.headers]-[DEBUG] >> GET /app/videogames/10000 HTTP/1.1
2021-02-07 02:56:20  [org.apache.http.headers]-[DEBUG] >> Content-Type: application/json; charset=UTF-8
2021-02-07 02:56:20  [org.apache.http.headers]-[DEBUG] >> Accept: */*
2021-02-07 02:56:20  [org.apache.http.headers]-[DEBUG] >> Host: localhost:8080
2021-02-07 02:56:20  [org.apache.http.headers]-[DEBUG] >> Connection: Keep-Alive
2021-02-07 02:56:20  [org.apache.http.headers]-[DEBUG] >> User-Agent: Apache-HttpClient/4.5.3 (Java/1.8.0_131)
2021-02-07 02:56:20  [org.apache.http.headers]-[DEBUG] >> Accept-Encoding: gzip,deflate
2021-02-07 02:56:20  [org.apache.http.wire]-[DEBUG]  << "HTTP/1.1 500 [\r][\n]"
2021-02-07 02:56:20  [org.apache.http.wire]-[DEBUG]  << "Content-Type: application/xml;charset=UTF-8[\r][\n]"
2021-02-07 02:56:20  [org.apache.http.wire]-[DEBUG]  << "Transfer-Encoding: chunked[\r][\n]"
2021-02-07 02:56:20  [org.apache.http.wire]-[DEBUG]  << "Date: Sat, 06 Feb 2021 13:56:20 GMT[\r][\n]"
2021-02-07 02:56:20  [org.apache.http.wire]-[DEBUG]  << "Connection: close[\r][\n]"
2021-02-07 02:56:20  [org.apache.http.wire]-[DEBUG]  << "[\r][\n]"
2021-02-07 02:56:20  [org.apache.http.impl.conn.DefaultClientConnection]-[DEBUG] Receiving response: HTTP/1.1 500 
2021-02-07 02:56:20  [org.apache.http.headers]-[DEBUG] << HTTP/1.1 500 
2021-02-07 02:56:20  [org.apache.http.headers]-[DEBUG] << Content-Type: application/xml;charset=UTF-8
2021-02-07 02:56:20  [org.apache.http.headers]-[DEBUG] << Transfer-Encoding: chunked
2021-02-07 02:56:20  [org.apache.http.headers]-[DEBUG] << Date: Sat, 06 Feb 2021 13:56:20 GMT
2021-02-07 02:56:20  [org.apache.http.headers]-[DEBUG] << Connection: close
2021-02-07 02:56:20  [io.restassured.internal.RequestSpecificationImpl$RestAssuredHttpBuilder]-[DEBUG] Parsing response as: application/xml;charset=UTF-8
2021-02-07 02:56:20  [io.restassured.internal.RequestSpecificationImpl$RestAssuredHttpBuilder]-[DEBUG] Parsed data to instance of: class org.apache.http.conn.EofSensorInputStream
2021-02-07 02:56:20  [org.apache.http.wire]-[DEBUG]  << "ad[\r][\n]"
2021-02-07 02:56:20  [org.apache.http.wire]-[DEBUG]  << "<Map><timestamp>1612619780836</timestamp><status>500</status><error>Internal Server Error</error><message>Index: 0, Size: 0</message><path>/app/videogames/10000</path></Map>"
2021-02-07 02:56:20  [org.apache.http.wire]-[DEBUG]  << "[\r][\n]"
2021-02-07 02:56:20  [org.apache.http.wire]-[DEBUG]  << "0[\r][\n]"
2021-02-07 02:56:20  [org.apache.http.wire]-[DEBUG]  << "[\r][\n]"
2021-02-07 02:56:20  [org.apache.http.impl.conn.BasicClientConnectionManager]-[DEBUG] Releasing connection org.apache.http.impl.conn.ManagedClientConnectionImpl@2d73767e
2021-02-07 02:56:20  [org.apache.http.impl.conn.DefaultClientConnection]-[DEBUG] Connection 0.0.0.0:56168<->127.0.0.1:8080 shut down
2021-02-07 02:57:55  [testcases.TestGetVideoGame]-[INFO] ==== API:get all video games: /videogames ====
2021-02-07 02:57:56  [org.apache.http.impl.conn.BasicClientConnectionManager]-[DEBUG] Get connection for route {}->http://localhost:8080
2021-02-07 02:57:56  [org.apache.http.impl.conn.DefaultClientConnectionOperator]-[DEBUG] Connecting to localhost:8080
2021-02-07 02:57:56  [org.apache.http.client.protocol.RequestAddCookies]-[DEBUG] CookieSpec selected: ignoreCookies
2021-02-07 02:57:56  [org.apache.http.client.protocol.RequestAuthCache]-[DEBUG] Auth cache not set in the context
2021-02-07 02:57:56  [org.apache.http.client.protocol.RequestTargetAuthentication]-[DEBUG] Target auth state: UNCHALLENGED
2021-02-07 02:57:56  [org.apache.http.client.protocol.RequestProxyAuthentication]-[DEBUG] Proxy auth state: UNCHALLENGED
2021-02-07 02:57:56  [org.apache.http.impl.client.DefaultHttpClient]-[DEBUG] Attempt 1 to execute request
2021-02-07 02:57:56  [org.apache.http.impl.conn.DefaultClientConnection]-[DEBUG] Sending request: GET /app/videogames HTTP/1.1
2021-02-07 02:57:56  [org.apache.http.wire]-[DEBUG]  >> "GET /app/videogames HTTP/1.1[\r][\n]"
2021-02-07 02:57:56  [org.apache.http.wire]-[DEBUG]  >> "Content-Type: application/json; charset=UTF-8[\r][\n]"
2021-02-07 02:57:56  [org.apache.http.wire]-[DEBUG]  >> "Accept: */*[\r][\n]"
2021-02-07 02:57:56  [org.apache.http.wire]-[DEBUG]  >> "Host: localhost:8080[\r][\n]"
2021-02-07 02:57:56  [org.apache.http.wire]-[DEBUG]  >> "Connection: Keep-Alive[\r][\n]"
2021-02-07 02:57:56  [org.apache.http.wire]-[DEBUG]  >> "User-Agent: Apache-HttpClient/4.5.3 (Java/1.8.0_131)[\r][\n]"
2021-02-07 02:57:56  [org.apache.http.wire]-[DEBUG]  >> "Accept-Encoding: gzip,deflate[\r][\n]"
2021-02-07 02:57:56  [org.apache.http.wire]-[DEBUG]  >> "[\r][\n]"
2021-02-07 02:57:56  [org.apache.http.headers]-[DEBUG] >> GET /app/videogames HTTP/1.1
2021-02-07 02:57:56  [org.apache.http.headers]-[DEBUG] >> Content-Type: application/json; charset=UTF-8
2021-02-07 02:57:56  [org.apache.http.headers]-[DEBUG] >> Accept: */*
2021-02-07 02:57:56  [org.apache.http.headers]-[DEBUG] >> Host: localhost:8080
2021-02-07 02:57:56  [org.apache.http.headers]-[DEBUG] >> Connection: Keep-Alive
2021-02-07 02:57:56  [org.apache.http.headers]-[DEBUG] >> User-Agent: Apache-HttpClient/4.5.3 (Java/1.8.0_131)
2021-02-07 02:57:56  [org.apache.http.headers]-[DEBUG] >> Accept-Encoding: gzip,deflate
2021-02-07 02:57:56  [org.apache.http.wire]-[DEBUG]  << "HTTP/1.1 200 [\r][\n]"
2021-02-07 02:57:56  [org.apache.http.wire]-[DEBUG]  << "Content-Type: application/xml[\r][\n]"
2021-02-07 02:57:56  [org.apache.http.wire]-[DEBUG]  << "Content-Length: 1862[\r][\n]"
2021-02-07 02:57:56  [org.apache.http.wire]-[DEBUG]  << "Date: Sat, 06 Feb 2021 13:57:56 GMT[\r][\n]"
2021-02-07 02:57:56  [org.apache.http.wire]-[DEBUG]  << "[\r][\n]"
2021-02-07 02:57:56  [org.apache.http.impl.conn.DefaultClientConnection]-[DEBUG] Receiving response: HTTP/1.1 200 
2021-02-07 02:57:56  [org.apache.http.headers]-[DEBUG] << HTTP/1.1 200 
2021-02-07 02:57:56  [org.apache.http.headers]-[DEBUG] << Content-Type: application/xml
2021-02-07 02:57:56  [org.apache.http.headers]-[DEBUG] << Content-Length: 1862
2021-02-07 02:57:56  [org.apache.http.headers]-[DEBUG] << Date: Sat, 06 Feb 2021 13:57:56 GMT
2021-02-07 02:57:56  [org.apache.http.impl.client.DefaultHttpClient]-[DEBUG] Connection can be kept alive indefinitely
2021-02-07 02:57:57  [io.restassured.internal.RequestSpecificationImpl$RestAssuredHttpBuilder]-[DEBUG] Parsing response as: application/xml
2021-02-07 02:57:57  [io.restassured.internal.RequestSpecificationImpl$RestAssuredHttpBuilder]-[DEBUG] Parsed data to instance of: class org.apache.http.conn.EofSensorInputStream
2021-02-07 02:57:57  [testcases.TestGetVideoGame]-[INFO] ==== API:get video game by id: /videogames/2 ====
2021-02-07 02:57:57  [org.apache.http.impl.conn.BasicClientConnectionManager]-[DEBUG] Get connection for route {}->http://localhost:8080
2021-02-07 02:57:57  [org.apache.http.impl.conn.DefaultClientConnectionOperator]-[DEBUG] Connecting to localhost:8080
2021-02-07 02:57:57  [org.apache.http.client.protocol.RequestAddCookies]-[DEBUG] CookieSpec selected: ignoreCookies
2021-02-07 02:57:57  [org.apache.http.client.protocol.RequestAuthCache]-[DEBUG] Auth cache not set in the context
2021-02-07 02:57:57  [org.apache.http.client.protocol.RequestTargetAuthentication]-[DEBUG] Target auth state: UNCHALLENGED
2021-02-07 02:57:57  [org.apache.http.client.protocol.RequestProxyAuthentication]-[DEBUG] Proxy auth state: UNCHALLENGED
2021-02-07 02:57:57  [org.apache.http.impl.client.DefaultHttpClient]-[DEBUG] Attempt 1 to execute request
2021-02-07 02:57:57  [org.apache.http.impl.conn.DefaultClientConnection]-[DEBUG] Sending request: GET /app/videogames/2 HTTP/1.1
2021-02-07 02:57:57  [org.apache.http.wire]-[DEBUG]  >> "GET /app/videogames/2 HTTP/1.1[\r][\n]"
2021-02-07 02:57:57  [org.apache.http.wire]-[DEBUG]  >> "Content-Type: application/json; charset=UTF-8[\r][\n]"
2021-02-07 02:57:57  [org.apache.http.wire]-[DEBUG]  >> "Accept: */*[\r][\n]"
2021-02-07 02:57:57  [org.apache.http.wire]-[DEBUG]  >> "Host: localhost:8080[\r][\n]"
2021-02-07 02:57:57  [org.apache.http.wire]-[DEBUG]  >> "Connection: Keep-Alive[\r][\n]"
2021-02-07 02:57:57  [org.apache.http.wire]-[DEBUG]  >> "User-Agent: Apache-HttpClient/4.5.3 (Java/1.8.0_131)[\r][\n]"
2021-02-07 02:57:57  [org.apache.http.wire]-[DEBUG]  >> "Accept-Encoding: gzip,deflate[\r][\n]"
2021-02-07 02:57:57  [org.apache.http.wire]-[DEBUG]  >> "[\r][\n]"
2021-02-07 02:57:57  [org.apache.http.headers]-[DEBUG] >> GET /app/videogames/2 HTTP/1.1
2021-02-07 02:57:57  [org.apache.http.headers]-[DEBUG] >> Content-Type: application/json; charset=UTF-8
2021-02-07 02:57:57  [org.apache.http.headers]-[DEBUG] >> Accept: */*
2021-02-07 02:57:57  [org.apache.http.headers]-[DEBUG] >> Host: localhost:8080
2021-02-07 02:57:57  [org.apache.http.headers]-[DEBUG] >> Connection: Keep-Alive
2021-02-07 02:57:57  [org.apache.http.headers]-[DEBUG] >> User-Agent: Apache-HttpClient/4.5.3 (Java/1.8.0_131)
2021-02-07 02:57:57  [org.apache.http.headers]-[DEBUG] >> Accept-Encoding: gzip,deflate
2021-02-07 02:57:57  [org.apache.http.wire]-[DEBUG]  << "HTTP/1.1 200 [\r][\n]"
2021-02-07 02:57:57  [org.apache.http.wire]-[DEBUG]  << "Content-Type: application/xml[\r][\n]"
2021-02-07 02:57:57  [org.apache.http.wire]-[DEBUG]  << "Content-Length: 234[\r][\n]"
2021-02-07 02:57:57  [org.apache.http.wire]-[DEBUG]  << "Date: Sat, 06 Feb 2021 13:57:56 GMT[\r][\n]"
2021-02-07 02:57:57  [org.apache.http.wire]-[DEBUG]  << "[\r][\n]"
2021-02-07 02:57:57  [org.apache.http.impl.conn.DefaultClientConnection]-[DEBUG] Receiving response: HTTP/1.1 200 
2021-02-07 02:57:57  [org.apache.http.headers]-[DEBUG] << HTTP/1.1 200 
2021-02-07 02:57:57  [org.apache.http.headers]-[DEBUG] << Content-Type: application/xml
2021-02-07 02:57:57  [org.apache.http.headers]-[DEBUG] << Content-Length: 234
2021-02-07 02:57:57  [org.apache.http.headers]-[DEBUG] << Date: Sat, 06 Feb 2021 13:57:56 GMT
2021-02-07 02:57:57  [org.apache.http.impl.client.DefaultHttpClient]-[DEBUG] Connection can be kept alive indefinitely
2021-02-07 02:57:57  [io.restassured.internal.RequestSpecificationImpl$RestAssuredHttpBuilder]-[DEBUG] Parsing response as: application/xml
2021-02-07 02:57:57  [io.restassured.internal.RequestSpecificationImpl$RestAssuredHttpBuilder]-[DEBUG] Parsed data to instance of: class org.apache.http.conn.EofSensorInputStream
2021-02-07 02:57:57  [org.apache.http.wire]-[DEBUG]  << "<?xml version="1.0" encoding="UTF-8" standalone="yes"?><videoGame category="Driving" rating="Universal"><id>2</id><name>Gran Turismo 3</name><releaseDate>2001-03-10T00:00:00+13:00</releaseDate><reviewScore>91</reviewScore></videoGame>"
2021-02-07 02:57:57  [org.apache.http.impl.conn.BasicClientConnectionManager]-[DEBUG] Releasing connection org.apache.http.impl.conn.ManagedClientConnectionImpl@11826398
2021-02-07 02:57:57  [org.apache.http.impl.conn.BasicClientConnectionManager]-[DEBUG] Connection can be kept alive indefinitely
2021-02-07 02:57:58  [org.apache.http.impl.conn.DefaultClientConnection]-[DEBUG] Connection 0.0.0.0:56240<->127.0.0.1:8080 closed
2021-02-07 02:57:58  [testcases.TestGetVideoGame]-[INFO] ==== API:get video game by id: /videogames/10000 ====
2021-02-07 02:57:58  [org.apache.http.impl.conn.BasicClientConnectionManager]-[DEBUG] Get connection for route {}->http://localhost:8080
2021-02-07 02:57:58  [org.apache.http.impl.conn.DefaultClientConnectionOperator]-[DEBUG] Connecting to localhost:8080
2021-02-07 02:57:58  [org.apache.http.client.protocol.RequestAddCookies]-[DEBUG] CookieSpec selected: ignoreCookies
2021-02-07 02:57:58  [org.apache.http.client.protocol.RequestAuthCache]-[DEBUG] Auth cache not set in the context
2021-02-07 02:57:58  [org.apache.http.client.protocol.RequestTargetAuthentication]-[DEBUG] Target auth state: UNCHALLENGED
2021-02-07 02:57:58  [org.apache.http.client.protocol.RequestProxyAuthentication]-[DEBUG] Proxy auth state: UNCHALLENGED
2021-02-07 02:57:58  [org.apache.http.impl.client.DefaultHttpClient]-[DEBUG] Attempt 1 to execute request
2021-02-07 02:57:58  [org.apache.http.impl.conn.DefaultClientConnection]-[DEBUG] Sending request: GET /app/videogames/10000 HTTP/1.1
2021-02-07 02:57:58  [org.apache.http.wire]-[DEBUG]  >> "GET /app/videogames/10000 HTTP/1.1[\r][\n]"
2021-02-07 02:57:58  [org.apache.http.wire]-[DEBUG]  >> "Content-Type: application/json; charset=UTF-8[\r][\n]"
2021-02-07 02:57:58  [org.apache.http.wire]-[DEBUG]  >> "Accept: */*[\r][\n]"
2021-02-07 02:57:58  [org.apache.http.wire]-[DEBUG]  >> "Host: localhost:8080[\r][\n]"
2021-02-07 02:57:58  [org.apache.http.wire]-[DEBUG]  >> "Connection: Keep-Alive[\r][\n]"
2021-02-07 02:57:58  [org.apache.http.wire]-[DEBUG]  >> "User-Agent: Apache-HttpClient/4.5.3 (Java/1.8.0_131)[\r][\n]"
2021-02-07 02:57:58  [org.apache.http.wire]-[DEBUG]  >> "Accept-Encoding: gzip,deflate[\r][\n]"
2021-02-07 02:57:58  [org.apache.http.wire]-[DEBUG]  >> "[\r][\n]"
2021-02-07 02:57:58  [org.apache.http.headers]-[DEBUG] >> GET /app/videogames/10000 HTTP/1.1
2021-02-07 02:57:58  [org.apache.http.headers]-[DEBUG] >> Content-Type: application/json; charset=UTF-8
2021-02-07 02:57:58  [org.apache.http.headers]-[DEBUG] >> Accept: */*
2021-02-07 02:57:58  [org.apache.http.headers]-[DEBUG] >> Host: localhost:8080
2021-02-07 02:57:58  [org.apache.http.headers]-[DEBUG] >> Connection: Keep-Alive
2021-02-07 02:57:58  [org.apache.http.headers]-[DEBUG] >> User-Agent: Apache-HttpClient/4.5.3 (Java/1.8.0_131)
2021-02-07 02:57:58  [org.apache.http.headers]-[DEBUG] >> Accept-Encoding: gzip,deflate
2021-02-07 02:57:58  [org.apache.http.wire]-[DEBUG]  << "HTTP/1.1 500 [\r][\n]"
2021-02-07 02:57:58  [org.apache.http.wire]-[DEBUG]  << "Content-Type: application/xml;charset=UTF-8[\r][\n]"
2021-02-07 02:57:58  [org.apache.http.wire]-[DEBUG]  << "Transfer-Encoding: chunked[\r][\n]"
2021-02-07 02:57:58  [org.apache.http.wire]-[DEBUG]  << "Date: Sat, 06 Feb 2021 13:57:58 GMT[\r][\n]"
2021-02-07 02:57:58  [org.apache.http.wire]-[DEBUG]  << "Connection: close[\r][\n]"
2021-02-07 02:57:58  [org.apache.http.wire]-[DEBUG]  << "[\r][\n]"
2021-02-07 02:57:58  [org.apache.http.impl.conn.DefaultClientConnection]-[DEBUG] Receiving response: HTTP/1.1 500 
2021-02-07 02:57:58  [org.apache.http.headers]-[DEBUG] << HTTP/1.1 500 
2021-02-07 02:57:58  [org.apache.http.headers]-[DEBUG] << Content-Type: application/xml;charset=UTF-8
2021-02-07 02:57:58  [org.apache.http.headers]-[DEBUG] << Transfer-Encoding: chunked
2021-02-07 02:57:58  [org.apache.http.headers]-[DEBUG] << Date: Sat, 06 Feb 2021 13:57:58 GMT
2021-02-07 02:57:58  [org.apache.http.headers]-[DEBUG] << Connection: close
2021-02-07 02:57:58  [io.restassured.internal.RequestSpecificationImpl$RestAssuredHttpBuilder]-[DEBUG] Parsing response as: application/xml;charset=UTF-8
2021-02-07 02:57:58  [io.restassured.internal.RequestSpecificationImpl$RestAssuredHttpBuilder]-[DEBUG] Parsed data to instance of: class org.apache.http.conn.EofSensorInputStream
2021-02-07 02:57:58  [org.apache.http.wire]-[DEBUG]  << "ad[\r][\n]"
2021-02-07 02:57:58  [org.apache.http.wire]-[DEBUG]  << "<Map><timestamp>1612619878576</timestamp><status>500</status><error>Internal Server Error</error><message>Index: 0, Size: 0</message><path>/app/videogames/10000</path></Map>"
2021-02-07 02:57:58  [org.apache.http.wire]-[DEBUG]  << "[\r][\n]"
2021-02-07 02:57:58  [org.apache.http.wire]-[DEBUG]  << "0[\r][\n]"
2021-02-07 02:57:58  [org.apache.http.wire]-[DEBUG]  << "[\r][\n]"
2021-02-07 02:57:58  [org.apache.http.impl.conn.BasicClientConnectionManager]-[DEBUG] Releasing connection org.apache.http.impl.conn.ManagedClientConnectionImpl@62054faf
2021-02-07 02:57:58  [org.apache.http.impl.conn.DefaultClientConnection]-[DEBUG] Connection 0.0.0.0:56242<->127.0.0.1:8080 shut down
2021-02-07 02:59:21  [testcases.BaseTest]-[INFO] ====RestAssured baseURI = http://localhost:8080/app ====
2021-02-07 02:59:21  [testcases.TestGetVideoGame]-[INFO] ==== API:get all video games: /videogames ====
2021-02-07 02:59:22  [org.apache.http.impl.conn.BasicClientConnectionManager]-[DEBUG] Get connection for route {}->http://localhost:8080
2021-02-07 02:59:22  [org.apache.http.impl.conn.DefaultClientConnectionOperator]-[DEBUG] Connecting to localhost:8080
2021-02-07 02:59:22  [org.apache.http.client.protocol.RequestAddCookies]-[DEBUG] CookieSpec selected: ignoreCookies
2021-02-07 02:59:22  [org.apache.http.client.protocol.RequestAuthCache]-[DEBUG] Auth cache not set in the context
2021-02-07 02:59:22  [org.apache.http.client.protocol.RequestTargetAuthentication]-[DEBUG] Target auth state: UNCHALLENGED
2021-02-07 02:59:22  [org.apache.http.client.protocol.RequestProxyAuthentication]-[DEBUG] Proxy auth state: UNCHALLENGED
2021-02-07 02:59:22  [org.apache.http.impl.client.DefaultHttpClient]-[DEBUG] Attempt 1 to execute request
2021-02-07 02:59:22  [org.apache.http.impl.conn.DefaultClientConnection]-[DEBUG] Sending request: GET /app/videogames HTTP/1.1
2021-02-07 02:59:22  [org.apache.http.wire]-[DEBUG]  >> "GET /app/videogames HTTP/1.1[\r][\n]"
2021-02-07 02:59:22  [org.apache.http.wire]-[DEBUG]  >> "Content-Type: application/json; charset=UTF-8[\r][\n]"
2021-02-07 02:59:22  [org.apache.http.wire]-[DEBUG]  >> "Accept: */*[\r][\n]"
2021-02-07 02:59:22  [org.apache.http.wire]-[DEBUG]  >> "Host: localhost:8080[\r][\n]"
2021-02-07 02:59:22  [org.apache.http.wire]-[DEBUG]  >> "Connection: Keep-Alive[\r][\n]"
2021-02-07 02:59:22  [org.apache.http.wire]-[DEBUG]  >> "User-Agent: Apache-HttpClient/4.5.3 (Java/1.8.0_131)[\r][\n]"
2021-02-07 02:59:22  [org.apache.http.wire]-[DEBUG]  >> "Accept-Encoding: gzip,deflate[\r][\n]"
2021-02-07 02:59:22  [org.apache.http.wire]-[DEBUG]  >> "[\r][\n]"
2021-02-07 02:59:22  [org.apache.http.headers]-[DEBUG] >> GET /app/videogames HTTP/1.1
2021-02-07 02:59:22  [org.apache.http.headers]-[DEBUG] >> Content-Type: application/json; charset=UTF-8
2021-02-07 02:59:22  [org.apache.http.headers]-[DEBUG] >> Accept: */*
2021-02-07 02:59:22  [org.apache.http.headers]-[DEBUG] >> Host: localhost:8080
2021-02-07 02:59:22  [org.apache.http.headers]-[DEBUG] >> Connection: Keep-Alive
2021-02-07 02:59:22  [org.apache.http.headers]-[DEBUG] >> User-Agent: Apache-HttpClient/4.5.3 (Java/1.8.0_131)
2021-02-07 02:59:22  [org.apache.http.headers]-[DEBUG] >> Accept-Encoding: gzip,deflate
2021-02-07 02:59:22  [org.apache.http.wire]-[DEBUG]  << "HTTP/1.1 200 [\r][\n]"
2021-02-07 02:59:22  [org.apache.http.wire]-[DEBUG]  << "Content-Type: application/xml[\r][\n]"
2021-02-07 02:59:22  [org.apache.http.wire]-[DEBUG]  << "Content-Length: 1862[\r][\n]"
2021-02-07 02:59:22  [org.apache.http.wire]-[DEBUG]  << "Date: Sat, 06 Feb 2021 13:59:22 GMT[\r][\n]"
2021-02-07 02:59:22  [org.apache.http.wire]-[DEBUG]  << "[\r][\n]"
2021-02-07 02:59:22  [org.apache.http.impl.conn.DefaultClientConnection]-[DEBUG] Receiving response: HTTP/1.1 200 
2021-02-07 02:59:22  [org.apache.http.headers]-[DEBUG] << HTTP/1.1 200 
2021-02-07 02:59:22  [org.apache.http.headers]-[DEBUG] << Content-Type: application/xml
2021-02-07 02:59:22  [org.apache.http.headers]-[DEBUG] << Content-Length: 1862
2021-02-07 02:59:22  [org.apache.http.headers]-[DEBUG] << Date: Sat, 06 Feb 2021 13:59:22 GMT
2021-02-07 02:59:22  [org.apache.http.impl.client.DefaultHttpClient]-[DEBUG] Connection can be kept alive indefinitely
2021-02-07 02:59:22  [io.restassured.internal.RequestSpecificationImpl$RestAssuredHttpBuilder]-[DEBUG] Parsing response as: application/xml
2021-02-07 02:59:22  [io.restassured.internal.RequestSpecificationImpl$RestAssuredHttpBuilder]-[DEBUG] Parsed data to instance of: class org.apache.http.conn.EofSensorInputStream
2021-02-07 02:59:22  [org.apache.http.impl.conn.DefaultClientConnection]-[DEBUG] Connection 0.0.0.0:56276<->127.0.0.1:8080 closed
2021-02-07 02:59:23  [testcases.TestGetVideoGame]-[INFO] ==== API:get video game by id: /videogames/2 ====
2021-02-07 02:59:23  [org.apache.http.impl.conn.BasicClientConnectionManager]-[DEBUG] Get connection for route {}->http://localhost:8080
2021-02-07 02:59:23  [org.apache.http.impl.conn.DefaultClientConnectionOperator]-[DEBUG] Connecting to localhost:8080
2021-02-07 02:59:23  [org.apache.http.client.protocol.RequestAddCookies]-[DEBUG] CookieSpec selected: ignoreCookies
2021-02-07 02:59:23  [org.apache.http.client.protocol.RequestAuthCache]-[DEBUG] Auth cache not set in the context
2021-02-07 02:59:23  [org.apache.http.client.protocol.RequestTargetAuthentication]-[DEBUG] Target auth state: UNCHALLENGED
2021-02-07 02:59:23  [org.apache.http.client.protocol.RequestProxyAuthentication]-[DEBUG] Proxy auth state: UNCHALLENGED
2021-02-07 02:59:23  [org.apache.http.impl.client.DefaultHttpClient]-[DEBUG] Attempt 1 to execute request
2021-02-07 02:59:23  [org.apache.http.impl.conn.DefaultClientConnection]-[DEBUG] Sending request: GET /app/videogames/2 HTTP/1.1
2021-02-07 02:59:23  [org.apache.http.wire]-[DEBUG]  >> "GET /app/videogames/2 HTTP/1.1[\r][\n]"
2021-02-07 02:59:23  [org.apache.http.wire]-[DEBUG]  >> "Content-Type: application/json; charset=UTF-8[\r][\n]"
2021-02-07 02:59:23  [org.apache.http.wire]-[DEBUG]  >> "Accept: */*[\r][\n]"
2021-02-07 02:59:23  [org.apache.http.wire]-[DEBUG]  >> "Host: localhost:8080[\r][\n]"
2021-02-07 02:59:23  [org.apache.http.wire]-[DEBUG]  >> "Connection: Keep-Alive[\r][\n]"
2021-02-07 02:59:23  [org.apache.http.wire]-[DEBUG]  >> "User-Agent: Apache-HttpClient/4.5.3 (Java/1.8.0_131)[\r][\n]"
2021-02-07 02:59:23  [org.apache.http.wire]-[DEBUG]  >> "Accept-Encoding: gzip,deflate[\r][\n]"
2021-02-07 02:59:23  [org.apache.http.wire]-[DEBUG]  >> "[\r][\n]"
2021-02-07 02:59:23  [org.apache.http.headers]-[DEBUG] >> GET /app/videogames/2 HTTP/1.1
2021-02-07 02:59:23  [org.apache.http.headers]-[DEBUG] >> Content-Type: application/json; charset=UTF-8
2021-02-07 02:59:23  [org.apache.http.headers]-[DEBUG] >> Accept: */*
2021-02-07 02:59:23  [org.apache.http.headers]-[DEBUG] >> Host: localhost:8080
2021-02-07 02:59:23  [org.apache.http.headers]-[DEBUG] >> Connection: Keep-Alive
2021-02-07 02:59:23  [org.apache.http.headers]-[DEBUG] >> User-Agent: Apache-HttpClient/4.5.3 (Java/1.8.0_131)
2021-02-07 02:59:23  [org.apache.http.headers]-[DEBUG] >> Accept-Encoding: gzip,deflate
2021-02-07 02:59:23  [org.apache.http.wire]-[DEBUG]  << "HTTP/1.1 200 [\r][\n]"
2021-02-07 02:59:23  [org.apache.http.wire]-[DEBUG]  << "Content-Type: application/xml[\r][\n]"
2021-02-07 02:59:23  [org.apache.http.wire]-[DEBUG]  << "Content-Length: 234[\r][\n]"
2021-02-07 02:59:23  [org.apache.http.wire]-[DEBUG]  << "Date: Sat, 06 Feb 2021 13:59:22 GMT[\r][\n]"
2021-02-07 02:59:23  [org.apache.http.wire]-[DEBUG]  << "[\r][\n]"
2021-02-07 02:59:23  [org.apache.http.impl.conn.DefaultClientConnection]-[DEBUG] Receiving response: HTTP/1.1 200 
2021-02-07 02:59:23  [org.apache.http.headers]-[DEBUG] << HTTP/1.1 200 
2021-02-07 02:59:23  [org.apache.http.headers]-[DEBUG] << Content-Type: application/xml
2021-02-07 02:59:23  [org.apache.http.headers]-[DEBUG] << Content-Length: 234
2021-02-07 02:59:23  [org.apache.http.headers]-[DEBUG] << Date: Sat, 06 Feb 2021 13:59:22 GMT
2021-02-07 02:59:23  [org.apache.http.impl.client.DefaultHttpClient]-[DEBUG] Connection can be kept alive indefinitely
2021-02-07 02:59:23  [io.restassured.internal.RequestSpecificationImpl$RestAssuredHttpBuilder]-[DEBUG] Parsing response as: application/xml
2021-02-07 02:59:23  [io.restassured.internal.RequestSpecificationImpl$RestAssuredHttpBuilder]-[DEBUG] Parsed data to instance of: class org.apache.http.conn.EofSensorInputStream
2021-02-07 02:59:23  [org.apache.http.wire]-[DEBUG]  << "<?xml version="1.0" encoding="UTF-8" standalone="yes"?><videoGame category="Driving" rating="Universal"><id>2</id><name>Gran Turismo 3</name><releaseDate>2001-03-10T00:00:00+13:00</releaseDate><reviewScore>91</reviewScore></videoGame>"
2021-02-07 02:59:23  [org.apache.http.impl.conn.BasicClientConnectionManager]-[DEBUG] Releasing connection org.apache.http.impl.conn.ManagedClientConnectionImpl@111a7973
2021-02-07 02:59:23  [org.apache.http.impl.conn.BasicClientConnectionManager]-[DEBUG] Connection can be kept alive indefinitely
2021-02-07 02:59:24  [testcases.TestGetVideoGame]-[INFO] ==== API:get video game by id: /videogames/10000 ====
2021-02-07 02:59:24  [org.apache.http.impl.conn.BasicClientConnectionManager]-[DEBUG] Get connection for route {}->http://localhost:8080
2021-02-07 02:59:24  [org.apache.http.impl.conn.DefaultClientConnectionOperator]-[DEBUG] Connecting to localhost:8080
2021-02-07 02:59:24  [org.apache.http.client.protocol.RequestAddCookies]-[DEBUG] CookieSpec selected: ignoreCookies
2021-02-07 02:59:24  [org.apache.http.client.protocol.RequestAuthCache]-[DEBUG] Auth cache not set in the context
2021-02-07 02:59:24  [org.apache.http.client.protocol.RequestTargetAuthentication]-[DEBUG] Target auth state: UNCHALLENGED
2021-02-07 02:59:24  [org.apache.http.client.protocol.RequestProxyAuthentication]-[DEBUG] Proxy auth state: UNCHALLENGED
2021-02-07 02:59:24  [org.apache.http.impl.client.DefaultHttpClient]-[DEBUG] Attempt 1 to execute request
2021-02-07 02:59:24  [org.apache.http.impl.conn.DefaultClientConnection]-[DEBUG] Sending request: GET /app/videogames/10000 HTTP/1.1
2021-02-07 02:59:24  [org.apache.http.wire]-[DEBUG]  >> "GET /app/videogames/10000 HTTP/1.1[\r][\n]"
2021-02-07 02:59:24  [org.apache.http.wire]-[DEBUG]  >> "Content-Type: application/json; charset=UTF-8[\r][\n]"
2021-02-07 02:59:24  [org.apache.http.wire]-[DEBUG]  >> "Accept: */*[\r][\n]"
2021-02-07 02:59:24  [org.apache.http.wire]-[DEBUG]  >> "Host: localhost:8080[\r][\n]"
2021-02-07 02:59:24  [org.apache.http.wire]-[DEBUG]  >> "Connection: Keep-Alive[\r][\n]"
2021-02-07 02:59:24  [org.apache.http.wire]-[DEBUG]  >> "User-Agent: Apache-HttpClient/4.5.3 (Java/1.8.0_131)[\r][\n]"
2021-02-07 02:59:24  [org.apache.http.wire]-[DEBUG]  >> "Accept-Encoding: gzip,deflate[\r][\n]"
2021-02-07 02:59:24  [org.apache.http.wire]-[DEBUG]  >> "[\r][\n]"
2021-02-07 02:59:24  [org.apache.http.headers]-[DEBUG] >> GET /app/videogames/10000 HTTP/1.1
2021-02-07 02:59:24  [org.apache.http.headers]-[DEBUG] >> Content-Type: application/json; charset=UTF-8
2021-02-07 02:59:24  [org.apache.http.headers]-[DEBUG] >> Accept: */*
2021-02-07 02:59:24  [org.apache.http.headers]-[DEBUG] >> Host: localhost:8080
2021-02-07 02:59:24  [org.apache.http.headers]-[DEBUG] >> Connection: Keep-Alive
2021-02-07 02:59:24  [org.apache.http.headers]-[DEBUG] >> User-Agent: Apache-HttpClient/4.5.3 (Java/1.8.0_131)
2021-02-07 02:59:24  [org.apache.http.headers]-[DEBUG] >> Accept-Encoding: gzip,deflate
2021-02-07 02:59:24  [org.apache.http.wire]-[DEBUG]  << "HTTP/1.1 500 [\r][\n]"
2021-02-07 02:59:24  [org.apache.http.wire]-[DEBUG]  << "Content-Type: application/xml;charset=UTF-8[\r][\n]"
2021-02-07 02:59:24  [org.apache.http.wire]-[DEBUG]  << "Transfer-Encoding: chunked[\r][\n]"
2021-02-07 02:59:24  [org.apache.http.wire]-[DEBUG]  << "Date: Sat, 06 Feb 2021 13:59:24 GMT[\r][\n]"
2021-02-07 02:59:24  [org.apache.http.wire]-[DEBUG]  << "Connection: close[\r][\n]"
2021-02-07 02:59:24  [org.apache.http.wire]-[DEBUG]  << "[\r][\n]"
2021-02-07 02:59:24  [org.apache.http.impl.conn.DefaultClientConnection]-[DEBUG] Receiving response: HTTP/1.1 500 
2021-02-07 02:59:24  [org.apache.http.headers]-[DEBUG] << HTTP/1.1 500 
2021-02-07 02:59:24  [org.apache.http.headers]-[DEBUG] << Content-Type: application/xml;charset=UTF-8
2021-02-07 02:59:24  [org.apache.http.headers]-[DEBUG] << Transfer-Encoding: chunked
2021-02-07 02:59:24  [org.apache.http.headers]-[DEBUG] << Date: Sat, 06 Feb 2021 13:59:24 GMT
2021-02-07 02:59:24  [org.apache.http.headers]-[DEBUG] << Connection: close
2021-02-07 02:59:24  [io.restassured.internal.RequestSpecificationImpl$RestAssuredHttpBuilder]-[DEBUG] Parsing response as: application/xml;charset=UTF-8
2021-02-07 02:59:24  [io.restassured.internal.RequestSpecificationImpl$RestAssuredHttpBuilder]-[DEBUG] Parsed data to instance of: class org.apache.http.conn.EofSensorInputStream
2021-02-07 02:59:24  [org.apache.http.wire]-[DEBUG]  << "ad[\r][\n]"
2021-02-07 02:59:24  [org.apache.http.wire]-[DEBUG]  << "<Map><timestamp>1612619964212</timestamp><status>500</status><error>Internal Server Error</error><message>Index: 0, Size: 0</message><path>/app/videogames/10000</path></Map>"
2021-02-07 02:59:24  [org.apache.http.wire]-[DEBUG]  << "[\r][\n]"
2021-02-07 02:59:24  [org.apache.http.wire]-[DEBUG]  << "0[\r][\n]"
2021-02-07 02:59:24  [org.apache.http.wire]-[DEBUG]  << "[\r][\n]"
2021-02-07 02:59:24  [org.apache.http.impl.conn.BasicClientConnectionManager]-[DEBUG] Releasing connection org.apache.http.impl.conn.ManagedClientConnectionImpl@77ea960f
2021-02-07 02:59:24  [org.apache.http.impl.conn.DefaultClientConnection]-[DEBUG] Connection 0.0.0.0:56278<->127.0.0.1:8080 shut down
